<?xml version="1.0" encoding="UTF-8"?>
<testng-results skipped="0" failed="0" ignored="0" total="2" passed="2">
  <reporter-output>
  </reporter-output>
  <suite name="Suite" duration-ms="23800" started-at="2020-06-19T09:40:13 CEST" finished-at="2020-06-19T09:40:37 CEST">
    <groups>
    </groups>
    <test name="Test" duration-ms="23800" started-at="2020-06-19T09:40:13 CEST" finished-at="2020-06-19T09:40:37 CEST">
      <class name="TestCases.AppLogin">
        <test-method status="PASS" signature="Login()[pri:0, instance:TestCases.AppLogin@3c77d488]" name="Login" duration-ms="13043" started-at="2020-06-19T09:40:13 CEST" finished-at="2020-06-19T09:40:27 CEST">
          <reporter-output>
          </reporter-output>
        </test-method> <!-- Login -->
      </class> <!-- TestCases.AppLogin -->
      <class name="TestCases.ListPlaces">
        <test-method status="PASS" signature="ListPlacesForm()[pri:0, instance:TestCases.ListPlaces@63376bed]" name="ListPlacesForm" duration-ms="10703" started-at="2020-06-19T09:40:27 CEST" finished-at="2020-06-19T09:40:37 CEST">
          <reporter-output>
          </reporter-output>
        </test-method> <!-- ListPlacesForm -->
      </class> <!-- TestCases.ListPlaces -->
    </test> <!-- Test -->
  </suite> <!-- Suite -->
</testng-results>
